/root/miniconda3/lib/python3.8/site-packages/apex/pyprof/__init__.py:5: FutureWarning: pyprof will be removed by the end of June, 2022
  warnings.warn("pyprof will be removed by the end of June, 2022", FutureWarning)
/root/miniconda3/lib/python3.8/site-packages/apex/pyprof/__init__.py:5: FutureWarning: pyprof will be removed by the end of June, 2022
  warnings.warn("pyprof will be removed by the end of June, 2022", FutureWarning)
Use GPU: 1 for training
Use GPU: 0 for training
INFO 2022-05-12 20:15:25 distributed_c10d.py: 187] Added key: store_based_barrier_key:1 to store for rank: 1
INFO 2022-05-12 20:15:25 distributed_c10d.py: 187] Added key: store_based_barrier_key:1 to store for rank: 0
backbone param:
{'img_size': 224, 'patch_size': 4, 'in_chans': 3, 'embed_dim': 96, 'depths': [2, 2, 6, 2], 'num_heads': [3, 6, 12, 24], 'window_size': 7, 'mlp_ratio': 4.0, 'drop_rate': 0.0, 'drop_path_rate': 0.3}
backbone param:
{'img_size': 224, 'patch_size': 4, 'in_chans': 3, 'embed_dim': 96, 'depths': [2, 2, 6, 2], 'num_heads': [3, 6, 12, 24], 'window_size': 7, 'mlp_ratio': 4.0, 'drop_rate': 0.0, 'drop_path_rate': 0.3}
head param:
{'feat_dim': 512, 'num_class': 72778, 'is_am': 1, 'margin': 0.35, 'mv_weight': 1.12, 'scale': 32}
head param:
{'feat_dim': 512, 'num_class': 72778, 'is_am': 1, 'margin': 0.35, 'mv_weight': 1.12, 'scale': 32}
Selected optimization level O1:  Insert automatic casts around Pytorch functions and Tensor methods.

Defaults for this optimization level are:
enabled                : True
opt_level              : O1
cast_model_type        : None
patch_torch_functions  : True
keep_batchnorm_fp32    : None
master_weights         : None
loss_scale             : dynamic
Processing user overrides (additional kwargs that are not None)...
After processing overrides, optimization options are:
enabled                : True
opt_level              : O1
cast_model_type        : None
patch_torch_functions  : True
keep_batchnorm_fp32    : None
master_weights         : None
loss_scale             : dynamic
INFO 2022-05-12 20:15:32 train.py: 88] Epoch 0, iter 0/628, lr 0.000000, loss 16.268263
INFO 2022-05-12 20:15:32 distributed.py: 693] Reducer buckets have been rebuilt in this iteration.
INFO 2022-05-12 20:15:32 distributed.py: 693] Reducer buckets have been rebuilt in this iteration.
Gradient overflow.  Skipping step, loss scaler 0 reducing loss scale to 32768.0
Gradient overflow.  Skipping step, loss scaler 0 reducing loss scale to 32768.0
Gradient overflow.  Skipping step, loss scaler 0 reducing loss scale to 16384.0
Gradient overflow.  Skipping step, loss scaler 0 reducing loss scale to 16384.0
Gradient overflow.  Skipping step, loss scaler 0 reducing loss scale to 8192.0
Gradient overflow.  Skipping step, loss scaler 0 reducing loss scale to 8192.0
Gradient overflow.  Skipping step, loss scaler 0 reducing loss scale to 4096.0
Gradient overflow.  Skipping step, loss scaler 0 reducing loss scale to 4096.0
INFO 2022-05-12 20:19:19 train.py: 88] Epoch 0, iter 200/628, lr 0.000054, loss 5.861743
Gradient overflow.  Skipping step, loss scaler 0 reducing loss scale to 2048.0
Gradient overflow.  Skipping step, loss scaler 0 reducing loss scale to 2048.0
INFO 2022-05-12 20:23:05 train.py: 88] Epoch 0, iter 400/628, lr 0.000107, loss 1.021503
INFO 2022-05-12 20:26:52 train.py: 88] Epoch 0, iter 600/628, lr 0.000160, loss 0.378022
INFO 2022-05-12 20:27:23 train.py: 108] Save checkpoint Epoch_0.pt to disk...
INFO 2022-05-12 20:27:24 train.py: 88] Epoch 1, iter 0/628, lr 0.000167, loss 0.149199
INFO 2022-05-12 20:31:08 train.py: 88] Epoch 1, iter 200/628, lr 0.000220, loss 0.194713
Gradient overflow.  Skipping step, loss scaler 0 reducing loss scale to 1024.0
Gradient overflow.  Skipping step, loss scaler 0 reducing loss scale to 1024.0
INFO 2022-05-12 20:34:57 train.py: 88] Epoch 1, iter 400/628, lr 0.000273, loss 0.155026
INFO 2022-05-12 20:38:41 train.py: 88] Epoch 1, iter 600/628, lr 0.000326, loss 0.259364
INFO 2022-05-12 20:39:12 train.py: 108] Save checkpoint Epoch_1.pt to disk...
INFO 2022-05-12 20:39:13 train.py: 88] Epoch 2, iter 0/628, lr 0.000334, loss 0.211159
INFO 2022-05-12 20:43:00 train.py: 88] Epoch 2, iter 200/628, lr 0.000387, loss 0.183612
INFO 2022-05-12 20:46:47 train.py: 88] Epoch 2, iter 400/628, lr 0.000440, loss 0.180244
INFO 2022-05-12 20:50:31 train.py: 88] Epoch 2, iter 600/628, lr 0.000493, loss 0.136775
INFO 2022-05-12 20:51:02 train.py: 108] Save checkpoint Epoch_2.pt to disk...
INFO 2022-05-12 20:51:03 train.py: 88] Epoch 3, iter 0/628, lr 0.000467, loss 0.262563
INFO 2022-05-12 20:54:50 train.py: 88] Epoch 3, iter 200/628, lr 0.000460, loss 0.127241
INFO 2022-05-12 20:58:35 train.py: 88] Epoch 3, iter 400/628, lr 0.000452, loss 0.110204
INFO 2022-05-12 21:02:24 train.py: 88] Epoch 3, iter 600/628, lr 0.000443, loss 0.117049
INFO 2022-05-12 21:02:55 train.py: 108] Save checkpoint Epoch_3.pt to disk...
INFO 2022-05-12 21:02:56 train.py: 88] Epoch 4, iter 0/628, lr 0.000442, loss 0.065646
INFO 2022-05-12 21:06:41 train.py: 88] Epoch 4, iter 200/628, lr 0.000433, loss 0.068932
INFO 2022-05-12 21:10:26 train.py: 88] Epoch 4, iter 400/628, lr 0.000423, loss 0.053925
INFO 2022-05-12 21:14:14 train.py: 88] Epoch 4, iter 600/628, lr 0.000413, loss 0.054037
INFO 2022-05-12 21:14:45 train.py: 108] Save checkpoint Epoch_4.pt to disk...
INFO 2022-05-12 21:14:46 train.py: 88] Epoch 5, iter 0/628, lr 0.000412, loss 0.021062
INFO 2022-05-12 21:18:30 train.py: 88] Epoch 5, iter 200/628, lr 0.000401, loss 0.030762
INFO 2022-05-12 21:22:14 train.py: 88] Epoch 5, iter 400/628, lr 0.000390, loss 0.048679
INFO 2022-05-12 21:26:03 train.py: 88] Epoch 5, iter 600/628, lr 0.000378, loss 0.088248
INFO 2022-05-12 21:26:33 train.py: 108] Save checkpoint Epoch_5.pt to disk...
INFO 2022-05-12 21:26:34 train.py: 88] Epoch 6, iter 0/628, lr 0.000376, loss 0.109587
INFO 2022-05-12 21:30:19 train.py: 88] Epoch 6, iter 200/628, lr 0.000364, loss 0.129115
INFO 2022-05-12 21:34:04 train.py: 88] Epoch 6, iter 400/628, lr 0.000352, loss 0.035543
INFO 2022-05-12 21:37:52 train.py: 88] Epoch 6, iter 600/628, lr 0.000339, loss 0.063574
INFO 2022-05-12 21:38:23 train.py: 108] Save checkpoint Epoch_6.pt to disk...
INFO 2022-05-12 21:38:24 train.py: 88] Epoch 7, iter 0/628, lr 0.000337, loss 0.063209
INFO 2022-05-12 21:42:08 train.py: 88] Epoch 7, iter 200/628, lr 0.000324, loss 0.078883
INFO 2022-05-12 21:45:56 train.py: 88] Epoch 7, iter 400/628, lr 0.000311, loss 0.025769
INFO 2022-05-12 21:49:41 train.py: 88] Epoch 7, iter 600/628, lr 0.000297, loss 0.034893
INFO 2022-05-12 21:50:11 train.py: 108] Save checkpoint Epoch_7.pt to disk...
INFO 2022-05-12 21:50:12 train.py: 88] Epoch 8, iter 0/628, lr 0.000295, loss 0.006112
Gradient overflow.  Skipping step, loss scaler 0 reducing loss scale to 2048.0
Gradient overflow.  Skipping step, loss scaler 0 reducing loss scale to 2048.0
INFO 2022-05-12 21:53:59 train.py: 88] Epoch 8, iter 200/628, lr 0.000282, loss 0.059518
INFO 2022-05-12 21:57:47 train.py: 88] Epoch 8, iter 400/628, lr 0.000268, loss 0.027062
INFO 2022-05-12 22:01:32 train.py: 88] Epoch 8, iter 600/628, lr 0.000254, loss 0.025954
INFO 2022-05-12 22:02:02 train.py: 108] Save checkpoint Epoch_8.pt to disk...
INFO 2022-05-12 22:02:03 train.py: 88] Epoch 9, iter 0/628, lr 0.000253, loss 0.002181
INFO 2022-05-12 22:05:53 train.py: 88] Epoch 9, iter 200/628, lr 0.000239, loss 0.034117
INFO 2022-05-12 22:09:38 train.py: 88] Epoch 9, iter 400/628, lr 0.000225, loss 0.095439
INFO 2022-05-12 22:13:26 train.py: 88] Epoch 9, iter 600/628, lr 0.000211, loss 0.059153
INFO 2022-05-12 22:13:57 train.py: 108] Save checkpoint Epoch_9.pt to disk...
INFO 2022-05-12 22:13:58 train.py: 88] Epoch 10, iter 0/628, lr 0.000210, loss 0.026929
INFO 2022-05-12 22:17:43 train.py: 88] Epoch 10, iter 200/628, lr 0.000196, loss 0.028298
INFO 2022-05-12 22:21:28 train.py: 88] Epoch 10, iter 400/628, lr 0.000183, loss 0.021602
INFO 2022-05-12 22:25:16 train.py: 88] Epoch 10, iter 600/628, lr 0.000170, loss 0.025145
INFO 2022-05-12 22:25:47 train.py: 108] Save checkpoint Epoch_10.pt to disk...
INFO 2022-05-12 22:25:48 train.py: 88] Epoch 11, iter 0/628, lr 0.000168, loss 0.023252
INFO 2022-05-12 22:29:32 train.py: 88] Epoch 11, iter 200/628, lr 0.000155, loss 0.034525
INFO 2022-05-12 22:33:20 train.py: 88] Epoch 11, iter 400/628, lr 0.000143, loss 0.017139
INFO 2022-05-12 22:37:05 train.py: 88] Epoch 11, iter 600/628, lr 0.000130, loss 0.029384
INFO 2022-05-12 22:37:36 train.py: 108] Save checkpoint Epoch_11.pt to disk...
INFO 2022-05-12 22:37:37 train.py: 88] Epoch 12, iter 0/628, lr 0.000129, loss 0.007260
INFO 2022-05-12 22:41:21 train.py: 88] Epoch 12, iter 200/628, lr 0.000117, loss 0.017440
INFO 2022-05-12 22:45:06 train.py: 88] Epoch 12, iter 400/628, lr 0.000106, loss 0.019376
INFO 2022-05-12 22:48:55 train.py: 88] Epoch 12, iter 600/628, lr 0.000095, loss 0.023580
INFO 2022-05-12 22:49:25 train.py: 108] Save checkpoint Epoch_12.pt to disk...
INFO 2022-05-12 22:49:26 train.py: 88] Epoch 13, iter 0/628, lr 0.000093, loss 0.001160
INFO 2022-05-12 22:53:10 train.py: 88] Epoch 13, iter 200/628, lr 0.000083, loss 0.018059
INFO 2022-05-12 22:57:00 train.py: 88] Epoch 13, iter 400/628, lr 0.000073, loss 0.009119
INFO 2022-05-12 23:00:46 train.py: 88] Epoch 13, iter 600/628, lr 0.000064, loss 0.015642
INFO 2022-05-12 23:01:17 train.py: 108] Save checkpoint Epoch_13.pt to disk...
INFO 2022-05-12 23:01:18 train.py: 88] Epoch 14, iter 0/628, lr 0.000063, loss 0.005131
INFO 2022-05-12 23:05:07 train.py: 88] Epoch 14, iter 200/628, lr 0.000054, loss 0.013966
INFO 2022-05-12 23:08:54 train.py: 88] Epoch 14, iter 400/628, lr 0.000046, loss 0.007942
INFO 2022-05-12 23:12:40 train.py: 88] Epoch 14, iter 600/628, lr 0.000039, loss 0.014003
INFO 2022-05-12 23:13:10 train.py: 108] Save checkpoint Epoch_14.pt to disk...
INFO 2022-05-12 23:13:11 train.py: 88] Epoch 15, iter 0/628, lr 0.000038, loss 0.000258
INFO 2022-05-12 23:17:02 train.py: 88] Epoch 15, iter 200/628, lr 0.000032, loss 0.010509
INFO 2022-05-12 23:20:47 train.py: 88] Epoch 15, iter 400/628, lr 0.000026, loss 0.007547
INFO 2022-05-12 23:24:37 train.py: 88] Epoch 15, iter 600/628, lr 0.000021, loss 0.010209
INFO 2022-05-12 23:25:07 train.py: 108] Save checkpoint Epoch_15.pt to disk...
INFO 2022-05-12 23:25:08 train.py: 88] Epoch 16, iter 0/628, lr 0.000020, loss 0.000267
INFO 2022-05-12 23:28:54 train.py: 88] Epoch 16, iter 200/628, lr 0.000016, loss 0.007863
INFO 2022-05-12 23:32:40 train.py: 88] Epoch 16, iter 400/628, lr 0.000012, loss 0.005911
INFO 2022-05-12 23:36:29 train.py: 88] Epoch 16, iter 600/628, lr 0.000009, loss 0.006691
INFO 2022-05-12 23:37:00 train.py: 108] Save checkpoint Epoch_16.pt to disk...
INFO 2022-05-12 23:37:01 train.py: 88] Epoch 17, iter 0/628, lr 0.000009, loss 0.000759
INFO 2022-05-12 23:40:45 train.py: 88] Epoch 17, iter 200/628, lr 0.000007, loss 0.006663
INFO 2022-05-12 23:44:34 train.py: 88] Epoch 17, iter 400/628, lr 0.000005, loss 0.004405
INFO 2022-05-12 23:48:18 train.py: 88] Epoch 17, iter 600/628, lr 0.000005, loss 0.004665
INFO 2022-05-12 23:48:48 train.py: 108] Save checkpoint Epoch_17.pt to disk...
